# JRE version: OpenJDK Runtime Environment Temurin-17.0.4+8 (17.0.4+8) (build 17.0.4+8)
# Java VM: OpenJDK 64-Bit Server VM Temurin-17.0.4+8 (17.0.4+8, mixed mode, emulated-client, tiered, compressed oops, compressed class ptrs, g1 gc, windows-amd64)
GC Precious Log:
 CPUs: 8 total, 8 available
 Memory: 16110M
 Large Page Support: Disabled
 NUMA Support: Disabled
 Compressed Oops: Enabled (Zero based)
 Heap Region Size: 2M
 Heap Min Capacity: 8M
 Heap Initial Capacity: 252M
 Heap Max Capacity: 4028M
 Pre-touch: Disabled
 Parallel Workers: 8
 Concurrent Workers: 2
 Concurrent Refinement Workers: 8
 Periodic GC: Disabled
Heap:
 garbage-first heap   total 641024K, used 161774K [0x0000000704400000, 0x0000000800000000)
  region size 2048K, 18 young (36864K), 18 survivors (36864K)
 Metaspace       used 34978K, committed 35264K, reserved 1081344K
  class space    used 4523K, committed 4672K, reserved 1048576K
GC Heap History (20 events):
Event: 8.760 GC heap after
{Heap after GC invocations=13 (full 0):
 garbage-first heap   total 153600K, used 57234K [0x0000000704400000, 0x0000000800000000)
  region size 2048K, 5 young (10240K), 5 survivors (10240K)
 Metaspace       used 34732K, committed 35072K, reserved 1081344K
  class space    used 4499K, committed 4672K, reserved 1048576K
}
Event: 8.784 GC heap before
{Heap before GC invocations=13 (full 0):
 garbage-first heap   total 153600K, used 100242K [0x0000000704400000, 0x0000000800000000)
  region size 2048K, 27 young (55296K), 5 survivors (10240K)
 Metaspace       used 34764K, committed 35072K, reserved 1081344K
  class space    used 4508K, committed 4672K, reserved 1048576K
}
Event: 8.792 GC heap after
{Heap after GC invocations=14 (full 0):
 garbage-first heap   total 153600K, used 61846K [0x0000000704400000, 0x0000000800000000)
  region size 2048K, 2 young (4096K), 2 survivors (4096K)
 Metaspace       used 34764K, committed 35072K, reserved 1081344K
  class space    used 4508K, committed 4672K, reserved 1048576K
}
Event: 8.804 GC heap before
{Heap before GC invocations=14 (full 0):
 garbage-first heap   total 153600K, used 106902K [0x0000000704400000, 0x0000000800000000)
  region size 2048K, 25 young (51200K), 2 survivors (4096K)
 Metaspace       used 34817K, committed 35136K, reserved 1081344K
  class space    used 4509K, committed 4672K, reserved 1048576K
}
Event: 8.806 GC heap after
{Heap after GC invocations=15 (full 0):
 garbage-first heap   total 311296K, used 62773K [0x0000000704400000, 0x0000000800000000)
  region size 2048K, 2 young (4096K), 2 survivors (4096K)
 Metaspace       used 34817K, committed 35136K, reserved 1081344K
  class space    used 4509K, committed 4672K, reserved 1048576K
}
Event: 8.857 GC heap before
{Heap before GC invocations=15 (full 0):
 garbage-first heap   total 311296K, used 214325K [0x0000000704400000, 0x0000000800000000)
  region size 2048K, 77 young (157696K), 2 survivors (4096K)
 Metaspace       used 34848K, committed 35200K, reserved 1081344K
  class space    used 4513K, committed 4672K, reserved 1048576K
}
Event: 8.863 GC heap after
{Heap after GC invocations=16 (full 0):
 garbage-first heap   total 311296K, used 68900K [0x0000000704400000, 0x0000000800000000)
  region size 2048K, 5 young (10240K), 5 survivors (10240K)
 Metaspace       used 34848K, committed 35200K, reserved 1081344K
  class space    used 4513K, committed 4672K, reserved 1048576K
}
Event: 8.907 GC heap before
{Heap before GC invocations=16 (full 0):
 garbage-first heap   total 311296K, used 232740K [0x0000000704400000, 0x0000000800000000)
  region size 2048K, 86 young (176128K), 5 survivors (10240K)
 Metaspace       used 34848K, committed 35200K, reserved 1081344K
  class space    used 4513K, committed 4672K, reserved 1048576K
}
Event: 8.913 GC heap after
{Heap after GC invocations=17 (full 0):
 garbage-first heap   total 311296K, used 75878K [0x0000000704400000, 0x0000000800000000)
  region size 2048K, 9 young (18432K), 9 survivors (18432K)
 Metaspace       used 34848K, committed 35200K, reserved 1081344K
  class space    used 4513K, committed 4672K, reserved 1048576K
}
Event: 8.960 GC heap before
{Heap before GC invocations=17 (full 0):
 garbage-first heap   total 311296K, used 239718K [0x0000000704400000, 0x0000000800000000)
  region size 2048K, 90 young (184320K), 9 survivors (18432K)
 Metaspace       used 34848K, committed 35200K, reserved 1081344K
  class space    used 4514K, committed 4672K, reserved 1048576K
}
Event: 8.969 GC heap after
{Heap after GC invocations=18 (full 0):
 garbage-first heap   total 311296K, used 83083K [0x0000000704400000, 0x0000000800000000)
  region size 2048K, 8 young (16384K), 8 survivors (16384K)
 Metaspace       used 34848K, committed 35200K, reserved 1081344K
  class space    used 4514K, committed 4672K, reserved 1048576K
}
Event: 9.015 GC heap before
{Heap before GC invocations=18 (full 0):
 garbage-first heap   total 311296K, used 242827K [0x0000000704400000, 0x0000000800000000)
  region size 2048K, 87 young (178176K), 8 survivors (16384K)
 Metaspace       used 34848K, committed 35200K, reserved 1081344K
  class space    used 4514K, committed 4672K, reserved 1048576K
}
Event: 9.024 GC heap after
{Heap after GC invocations=19 (full 0):
 garbage-first heap   total 641024K, used 89583K [0x0000000704400000, 0x0000000800000000)
  region size 2048K, 7 young (14336K), 7 survivors (14336K)
 Metaspace       used 34848K, committed 35200K, reserved 1081344K
  class space    used 4514K, committed 4672K, reserved 1048576K
}
Event: 9.146 GC heap before
{Heap before GC invocations=19 (full 0):
 garbage-first heap   total 641024K, used 456175K [0x0000000704400000, 0x0000000800000000)
  region size 2048K, 187 young (382976K), 7 survivors (14336K)
 Metaspace       used 34848K, committed 35200K, reserved 1081344K
  class space    used 4514K, committed 4672K, reserved 1048576K
}
Event: 9.156 GC heap after
{Heap after GC invocations=20 (full 0):
 garbage-first heap   total 641024K, used 103521K [0x0000000704400000, 0x0000000800000000)
  region size 2048K, 14 young (28672K), 14 survivors (28672K)
 Metaspace       used 34848K, committed 35200K, reserved 1081344K
  class space    used 4514K, committed 4672K, reserved 1048576K
}
Event: 9.249 GC heap before
{Heap before GC invocations=20 (full 0):
 garbage-first heap   total 641024K, used 455777K [0x0000000704400000, 0x0000000800000000)
  region size 2048K, 188 young (385024K), 14 survivors (28672K)
 Metaspace       used 34848K, committed 35200K, reserved 1081344K
  class space    used 4514K, committed 4672K, reserved 1048576K
}
Event: 9.262 GC heap after
{Heap after GC invocations=21 (full 0):
 garbage-first heap   total 641024K, used 124837K [0x0000000704400000, 0x0000000800000000)
  region size 2048K, 21 young (43008K), 21 survivors (43008K)
 Metaspace       used 34848K, committed 35200K, reserved 1081344K
  class space    used 4514K, committed 4672K, reserved 1048576K
}
Event: 9.852 GC heap before
{Heap before GC invocations=21 (full 0):
 garbage-first heap   total 641024K, used 462757K [0x0000000704400000, 0x0000000800000000)
  region size 2048K, 187 young (382976K), 21 survivors (43008K)
 Metaspace       used 34978K, committed 35264K, reserved 1081344K
  class space    used 4523K, committed 4672K, reserved 1048576K
}
Event: 9.868 GC heap after
{Heap after GC invocations=22 (full 0):
 garbage-first heap   total 641024K, used 142480K [0x0000000704400000, 0x0000000800000000)
  region size 2048K, 20 young (40960K), 20 survivors (40960K)
 Metaspace       used 34978K, committed 35264K, reserved 1081344K
  class space    used 4523K, committed 4672K, reserved 1048576K
}
Event: 10.192 GC heap before
{Heap before GC invocations=22 (full 0):
 garbage-first heap   total 641024K, used 482448K [0x0000000704400000, 0x0000000800000000)
  region size 2048K, 187 young (382976K), 20 survivors (40960K)
 Metaspace       used 34978K, committed 35264K, reserved 1081344K
  class space    used 4523K, committed 4672K, reserved 1048576K
}

