# JRE version: OpenJDK Runtime Environment Temurin-17.0.4+8 (17.0.4+8) (build 17.0.4+8)
# Java VM: OpenJDK 64-Bit Server VM Temurin-17.0.4+8 (17.0.4+8, mixed mode, emulated-client, tiered, compressed oops, compressed class ptrs, g1 gc, windows-amd64)
GC Precious Log:
 CPUs: 8 total, 8 available
 Memory: 16110M
 Large Page Support: Disabled
 NUMA Support: Disabled
 Compressed Oops: Enabled (Zero based)
 Heap Region Size: 2M
 Heap Min Capacity: 8M
 Heap Initial Capacity: 252M
 Heap Max Capacity: 4028M
 Pre-touch: Disabled
 Parallel Workers: 8
 Concurrent Workers: 2
 Concurrent Refinement Workers: 8
 Periodic GC: Disabled
Heap:
 garbage-first heap   total 81920K, used 23235K [0x0000000704400000, 0x0000000800000000)
  region size 2048K, 1 young (2048K), 0 survivors (0K)
 Metaspace       used 41391K, committed 41856K, reserved 1089536K
  class space    used 5764K, committed 5952K, reserved 1048576K
GC Heap History (20 events):
Event: 35775.124 GC heap before
{Heap before GC invocations=3478 (full 3452):
 garbage-first heap   total 81920K, used 23235K [0x0000000704400000, 0x0000000800000000)
  region size 2048K, 1 young (2048K), 0 survivors (0K)
 Metaspace       used 41391K, committed 41856K, reserved 1089536K
  class space    used 5764K, committed 5952K, reserved 1048576K
}
Event: 35775.156 GC heap after
{Heap after GC invocations=3479 (full 3453):
 garbage-first heap   total 81920K, used 23235K [0x0000000704400000, 0x0000000800000000)
  region size 2048K, 0 young (0K), 0 survivors (0K)
 Metaspace       used 41391K, committed 41856K, reserved 1089536K
  class space    used 5764K, committed 5952K, reserved 1048576K
}
Event: 35785.608 GC heap before
{Heap before GC invocations=3479 (full 3453):
 garbage-first heap   total 81920K, used 23235K [0x0000000704400000, 0x0000000800000000)
  region size 2048K, 1 young (2048K), 0 survivors (0K)
 Metaspace       used 41391K, committed 41856K, reserved 1089536K
  class space    used 5764K, committed 5952K, reserved 1048576K
}
Event: 35785.655 GC heap after
{Heap after GC invocations=3480 (full 3454):
 garbage-first heap   total 81920K, used 23235K [0x0000000704400000, 0x0000000800000000)
  region size 2048K, 0 young (0K), 0 survivors (0K)
 Metaspace       used 41391K, committed 41856K, reserved 1089536K
  class space    used 5764K, committed 5952K, reserved 1048576K
}
Event: 35796.041 GC heap before
{Heap before GC invocations=3480 (full 3454):
 garbage-first heap   total 81920K, used 23235K [0x0000000704400000, 0x0000000800000000)
  region size 2048K, 1 young (2048K), 0 survivors (0K)
 Metaspace       used 41391K, committed 41856K, reserved 1089536K
  class space    used 5764K, committed 5952K, reserved 1048576K
}
Event: 35796.077 GC heap after
{Heap after GC invocations=3481 (full 3455):
 garbage-first heap   total 81920K, used 23235K [0x0000000704400000, 0x0000000800000000)
  region size 2048K, 0 young (0K), 0 survivors (0K)
 Metaspace       used 41391K, committed 41856K, reserved 1089536K
  class space    used 5764K, committed 5952K, reserved 1048576K
}
Event: 35806.397 GC heap before
{Heap before GC invocations=3481 (full 3455):
 garbage-first heap   total 81920K, used 23235K [0x0000000704400000, 0x0000000800000000)
  region size 2048K, 1 young (2048K), 0 survivors (0K)
 Metaspace       used 41391K, committed 41856K, reserved 1089536K
  class space    used 5764K, committed 5952K, reserved 1048576K
}
Event: 35806.432 GC heap after
{Heap after GC invocations=3482 (full 3456):
 garbage-first heap   total 81920K, used 23235K [0x0000000704400000, 0x0000000800000000)
  region size 2048K, 0 young (0K), 0 survivors (0K)
 Metaspace       used 41391K, committed 41856K, reserved 1089536K
  class space    used 5764K, committed 5952K, reserved 1048576K
}
Event: 35816.810 GC heap before
{Heap before GC invocations=3482 (full 3456):
 garbage-first heap   total 81920K, used 23235K [0x0000000704400000, 0x0000000800000000)
  region size 2048K, 1 young (2048K), 0 survivors (0K)
 Metaspace       used 41391K, committed 41856K, reserved 1089536K
  class space    used 5764K, committed 5952K, reserved 1048576K
}
Event: 35816.846 GC heap after
{Heap after GC invocations=3483 (full 3457):
 garbage-first heap   total 81920K, used 23235K [0x0000000704400000, 0x0000000800000000)
  region size 2048K, 0 young (0K), 0 survivors (0K)
 Metaspace       used 41391K, committed 41856K, reserved 1089536K
  class space    used 5764K, committed 5952K, reserved 1048576K
}
Event: 35827.099 GC heap before
{Heap before GC invocations=3483 (full 3457):
 garbage-first heap   total 81920K, used 23235K [0x0000000704400000, 0x0000000800000000)
  region size 2048K, 1 young (2048K), 0 survivors (0K)
 Metaspace       used 41391K, committed 41856K, reserved 1089536K
  class space    used 5764K, committed 5952K, reserved 1048576K
}
Event: 35827.125 GC heap after
{Heap after GC invocations=3484 (full 3458):
 garbage-first heap   total 81920K, used 23235K [0x0000000704400000, 0x0000000800000000)
  region size 2048K, 0 young (0K), 0 survivors (0K)
 Metaspace       used 41391K, committed 41856K, reserved 1089536K
  class space    used 5764K, committed 5952K, reserved 1048576K
}
Event: 35837.371 GC heap before
{Heap before GC invocations=3484 (full 3458):
 garbage-first heap   total 81920K, used 23235K [0x0000000704400000, 0x0000000800000000)
  region size 2048K, 1 young (2048K), 0 survivors (0K)
 Metaspace       used 41391K, committed 41856K, reserved 1089536K
  class space    used 5764K, committed 5952K, reserved 1048576K
}
Event: 35837.400 GC heap after
{Heap after GC invocations=3485 (full 3459):
 garbage-first heap   total 81920K, used 23235K [0x0000000704400000, 0x0000000800000000)
  region size 2048K, 0 young (0K), 0 survivors (0K)
 Metaspace       used 41391K, committed 41856K, reserved 1089536K
  class space    used 5764K, committed 5952K, reserved 1048576K
}
Event: 35847.673 GC heap before
{Heap before GC invocations=3485 (full 3459):
 garbage-first heap   total 81920K, used 23235K [0x0000000704400000, 0x0000000800000000)
  region size 2048K, 1 young (2048K), 0 survivors (0K)
 Metaspace       used 41391K, committed 41856K, reserved 1089536K
  class space    used 5764K, committed 5952K, reserved 1048576K
}
Event: 35847.702 GC heap after
{Heap after GC invocations=3486 (full 3460):
 garbage-first heap   total 81920K, used 23235K [0x0000000704400000, 0x0000000800000000)
  region size 2048K, 0 young (0K), 0 survivors (0K)
 Metaspace       used 41391K, committed 41856K, reserved 1089536K
  class space    used 5764K, committed 5952K, reserved 1048576K
}
Event: 35858.010 GC heap before
{Heap before GC invocations=3486 (full 3460):
 garbage-first heap   total 81920K, used 23235K [0x0000000704400000, 0x0000000800000000)
  region size 2048K, 1 young (2048K), 0 survivors (0K)
 Metaspace       used 41391K, committed 41856K, reserved 1089536K
  class space    used 5764K, committed 5952K, reserved 1048576K
}
Event: 35858.036 GC heap after
{Heap after GC invocations=3487 (full 3461):
 garbage-first heap   total 81920K, used 23235K [0x0000000704400000, 0x0000000800000000)
  region size 2048K, 0 young (0K), 0 survivors (0K)
 Metaspace       used 41391K, committed 41856K, reserved 1089536K
  class space    used 5764K, committed 5952K, reserved 1048576K
}
Event: 35868.298 GC heap before
{Heap before GC invocations=3487 (full 3461):
 garbage-first heap   total 81920K, used 23235K [0x0000000704400000, 0x0000000800000000)
  region size 2048K, 1 young (2048K), 0 survivors (0K)
 Metaspace       used 41391K, committed 41856K, reserved 1089536K
  class space    used 5764K, committed 5952K, reserved 1048576K
}
Event: 35868.324 GC heap after
{Heap after GC invocations=3488 (full 3462):
 garbage-first heap   total 81920K, used 23235K [0x0000000704400000, 0x0000000800000000)
  region size 2048K, 0 young (0K), 0 survivors (0K)
 Metaspace       used 41391K, committed 41856K, reserved 1089536K
  class space    used 5764K, committed 5952K, reserved 1048576K
}

