# JRE version: OpenJDK Runtime Environment Temurin-17.0.4+8 (17.0.4+8) (build 17.0.4+8)
# Java VM: OpenJDK 64-Bit Server VM Temurin-17.0.4+8 (17.0.4+8, mixed mode, emulated-client, tiered, compressed oops, compressed class ptrs, g1 gc, windows-amd64)
GC Precious Log:
 CPUs: 8 total, 8 available
 Memory: 16110M
 Large Page Support: Disabled
 NUMA Support: Disabled
 Compressed Oops: Enabled (Zero based)
 Heap Region Size: 2M
 Heap Min Capacity: 8M
 Heap Initial Capacity: 252M
 Heap Max Capacity: 4028M
 Pre-touch: Disabled
 Parallel Workers: 8
 Concurrent Workers: 2
 Concurrent Refinement Workers: 8
 Periodic GC: Disabled
Heap:
 garbage-first heap   total 555008K, used 137168K [0x0000000704400000, 0x0000000800000000)
  region size 2048K, 17 young (34816K), 17 survivors (34816K)
 Metaspace       used 34983K, committed 35264K, reserved 1081344K
  class space    used 4527K, committed 4672K, reserved 1048576K
GC Heap History (20 events):
Event: 2.487 GC heap after
{Heap after GC invocations=9 (full 0):
 garbage-first heap   total 153600K, used 42065K [0x0000000704400000, 0x0000000800000000)
  region size 2048K, 5 young (10240K), 5 survivors (10240K)
 Metaspace       used 33755K, committed 33984K, reserved 1081344K
  class space    used 4301K, committed 4416K, reserved 1048576K
}
Event: 2.760 GC heap before
{Heap before GC invocations=9 (full 0):
 garbage-first heap   total 153600K, used 95313K [0x0000000704400000, 0x0000000800000000)
  region size 2048K, 32 young (65536K), 5 survivors (10240K)
 Metaspace       used 34739K, committed 35072K, reserved 1081344K
  class space    used 4505K, committed 4672K, reserved 1048576K
}
Event: 2.782 GC heap after
{Heap after GC invocations=10 (full 0):
 garbage-first heap   total 153600K, used 57155K [0x0000000704400000, 0x0000000800000000)
  region size 2048K, 4 young (8192K), 4 survivors (8192K)
 Metaspace       used 34739K, committed 35072K, reserved 1081344K
  class space    used 4505K, committed 4672K, reserved 1048576K
}
Event: 2.798 GC heap before
{Heap before GC invocations=10 (full 0):
 garbage-first heap   total 153600K, used 102211K [0x0000000704400000, 0x0000000800000000)
  region size 2048K, 27 young (55296K), 4 survivors (8192K)
 Metaspace       used 34753K, committed 35072K, reserved 1081344K
  class space    used 4505K, committed 4672K, reserved 1048576K
}
Event: 2.805 GC heap after
{Heap after GC invocations=11 (full 0):
 garbage-first heap   total 233472K, used 61622K [0x0000000704400000, 0x0000000800000000)
  region size 2048K, 2 young (4096K), 2 survivors (4096K)
 Metaspace       used 34753K, committed 35072K, reserved 1081344K
  class space    used 4505K, committed 4672K, reserved 1048576K
}
Event: 2.839 GC heap before
{Heap before GC invocations=11 (full 0):
 garbage-first heap   total 233472K, used 159926K [0x0000000704400000, 0x0000000800000000)
  region size 2048K, 51 young (104448K), 2 survivors (4096K)
 Metaspace       used 34849K, committed 35136K, reserved 1081344K
  class space    used 4518K, committed 4672K, reserved 1048576K
}
Event: 2.842 GC heap after
{Heap after GC invocations=12 (full 0):
 garbage-first heap   total 233472K, used 64631K [0x0000000704400000, 0x0000000800000000)
  region size 2048K, 3 young (6144K), 3 survivors (6144K)
 Metaspace       used 34849K, committed 35136K, reserved 1081344K
  class space    used 4518K, committed 4672K, reserved 1048576K
}
Event: 2.865 GC heap before
{Heap before GC invocations=12 (full 0):
 garbage-first heap   total 233472K, used 169079K [0x0000000704400000, 0x0000000800000000)
  region size 2048K, 55 young (112640K), 3 survivors (6144K)
 Metaspace       used 34849K, committed 35136K, reserved 1081344K
  class space    used 4518K, committed 4672K, reserved 1048576K
}
Event: 2.869 GC heap after
{Heap after GC invocations=13 (full 0):
 garbage-first heap   total 233472K, used 68984K [0x0000000704400000, 0x0000000800000000)
  region size 2048K, 6 young (12288K), 6 survivors (12288K)
 Metaspace       used 34849K, committed 35136K, reserved 1081344K
  class space    used 4518K, committed 4672K, reserved 1048576K
}
Event: 2.892 GC heap before
{Heap before GC invocations=13 (full 0):
 garbage-first heap   total 233472K, used 171384K [0x0000000704400000, 0x0000000800000000)
  region size 2048K, 57 young (116736K), 6 survivors (12288K)
 Metaspace       used 34849K, committed 35136K, reserved 1081344K
  class space    used 4518K, committed 4672K, reserved 1048576K
}
Event: 2.897 GC heap after
{Heap after GC invocations=14 (full 0):
 garbage-first heap   total 233472K, used 73324K [0x0000000704400000, 0x0000000800000000)
  region size 2048K, 7 young (14336K), 7 survivors (14336K)
 Metaspace       used 34849K, committed 35136K, reserved 1081344K
  class space    used 4518K, committed 4672K, reserved 1048576K
}
Event: 2.919 GC heap before
{Heap before GC invocations=14 (full 0):
 garbage-first heap   total 233472K, used 177772K [0x0000000704400000, 0x0000000800000000)
  region size 2048K, 59 young (120832K), 7 survivors (14336K)
 Metaspace       used 34850K, committed 35136K, reserved 1081344K
  class space    used 4518K, committed 4672K, reserved 1048576K
}
Event: 2.927 GC heap after
{Heap after GC invocations=15 (full 0):
 garbage-first heap   total 555008K, used 78134K [0x0000000704400000, 0x0000000800000000)
  region size 2048K, 5 young (10240K), 5 survivors (10240K)
 Metaspace       used 34850K, committed 35136K, reserved 1081344K
  class space    used 4518K, committed 4672K, reserved 1048576K
}
Event: 3.027 GC heap before
{Heap before GC invocations=15 (full 0):
 garbage-first heap   total 555008K, used 397622K [0x0000000704400000, 0x0000000800000000)
  region size 2048K, 162 young (331776K), 5 survivors (10240K)
 Metaspace       used 34850K, committed 35136K, reserved 1081344K
  class space    used 4518K, committed 4672K, reserved 1048576K
}
Event: 3.036 GC heap after
{Heap after GC invocations=16 (full 0):
 garbage-first heap   total 555008K, used 90323K [0x0000000704400000, 0x0000000800000000)
  region size 2048K, 11 young (22528K), 11 survivors (22528K)
 Metaspace       used 34850K, committed 35136K, reserved 1081344K
  class space    used 4518K, committed 4672K, reserved 1048576K
}
Event: 3.107 GC heap before
{Heap before GC invocations=16 (full 0):
 garbage-first heap   total 555008K, used 397523K [0x0000000704400000, 0x0000000800000000)
  region size 2048K, 162 young (331776K), 11 survivors (22528K)
 Metaspace       used 34850K, committed 35136K, reserved 1081344K
  class space    used 4518K, committed 4672K, reserved 1048576K
}
Event: 3.119 GC heap after
{Heap after GC invocations=17 (full 0):
 garbage-first heap   total 555008K, used 103065K [0x0000000704400000, 0x0000000800000000)
  region size 2048K, 15 young (30720K), 15 survivors (30720K)
 Metaspace       used 34850K, committed 35136K, reserved 1081344K
  class space    used 4518K, committed 4672K, reserved 1048576K
}
Event: 3.185 GC heap before
{Heap before GC invocations=17 (full 0):
 garbage-first heap   total 555008K, used 402073K [0x0000000704400000, 0x0000000800000000)
  region size 2048K, 162 young (331776K), 15 survivors (30720K)
 Metaspace       used 34850K, committed 35136K, reserved 1081344K
  class space    used 4518K, committed 4672K, reserved 1048576K
}
Event: 3.198 GC heap after
{Heap after GC invocations=18 (full 0):
 garbage-first heap   total 555008K, used 122829K [0x0000000704400000, 0x0000000800000000)
  region size 2048K, 16 young (32768K), 16 survivors (32768K)
 Metaspace       used 34850K, committed 35136K, reserved 1081344K
  class space    used 4518K, committed 4672K, reserved 1048576K
}
Event: 3.432 GC heap before
{Heap before GC invocations=18 (full 0):
 garbage-first heap   total 555008K, used 419789K [0x0000000704400000, 0x0000000800000000)
  region size 2048K, 162 young (331776K), 16 survivors (32768K)
 Metaspace       used 34983K, committed 35264K, reserved 1081344K
  class space    used 4527K, committed 4672K, reserved 1048576K
}

